BatteryBroadcastReceiverAS/app/build/outputs/logs/manifest-merger-debug-report.txt
-- Merging decision tree log ---
manifest
ADDED from src\main\AndroidManifest.xml:3:1-25:12
	xmlns:android
		ADDED from src\main\AndroidManifest.xml:6:11-69
	package
		ADDED from src\main\AndroidManifest.xml:5:11-58
		INJECTED from src\main\AndroidManifest.xml
		INJECTED from src\main\AndroidManifest.xml
	android:versionName
		ADDED from src\main\AndroidManifest.xml:4:11-36
	android:versionCode
		ADDED from src\main\AndroidManifest.xml:3:11-34
		INJECTED from src\main\AndroidManifest.xml
		INJECTED from src\main\AndroidManifest.xml
uses-sdk
ADDED from src\main\AndroidManifest.xml:8:3-9:45
	android:targetSdkVersion
		ADDED from src\main\AndroidManifest.xml:9:13-42
		INJECTED from src\main\AndroidManifest.xml
		INJECTED from src\main\AndroidManifest.xml
	android:minSdkVersion
		ADDED from src\main\AndroidManifest.xml:8:13-39
		INJECTED from src\main\AndroidManifest.xml
		INJECTED from src\main\AndroidManifest.xml
supports-screens
ADDED from src\main\AndroidManifest.xml:11:3-13:51
	android:largeScreens
		ADDED from src\main\AndroidManifest.xml:11:21-48
	android:normalScreens
		ADDED from src\main\AndroidManifest.xml:12:21-49
	android:smallScreens
		ADDED from src\main\AndroidManifest.xml:13:21-48
application
ADDED from src\main\AndroidManifest.xml:15:3-24:17
	android:label
		ADDED from src\main\AndroidManifest.xml:16:16-48
	android:icon
		ADDED from src\main\AndroidManifest.xml:15:16-52
activity#com.juarezjunior.systemevents.battery.BatteryMonitorActivity
ADDED from src\main\AndroidManifest.xml:17:5-23:16
	android:label
		ADDED from src\main\AndroidManifest.xml:17:15-47
	android:name
		ADDED from src\main\AndroidManifest.xml:18:15-90
intent-filter#android.intent.action.MAIN+android.intent.category.LAUNCHER
ADDED from src\main\AndroidManifest.xml:19:7-22:23
action#android.intent.action.MAIN
ADDED from src\main\AndroidManifest.xml:20:9-61
	android:name
		ADDED from src\main\AndroidManifest.xml:20:17-58
category#android.intent.category.LAUNCHER
ADDED from src\main\AndroidManifest.xml:21:9-69
	android:name
		ADDED from src\main\AndroidManifest.xml:21:19-66